<?xml version="1.0" encoding="UTF-8"?>
<testsuite name="StatementPrinterTests" tests="2" skipped="0" failures="0" errors="0" timestamp="2022-11-05T11:43:35" hostname="vm-etu-sabouquier.local.isima.fr" time="0.328">
  <properties/>
  <testcase name="exampleStatement()" classname="StatementPrinterTests" time="0.312"/>
  <testcase name="statementWithNewPlayTypes()" classname="StatementPrinterTests" time="0.006"/>
  <system-out><![CDATA[]]></system-out>
  <system-err><![CDATA[]]></system-err>
</testsuite>
