<?xml version="1.0" encoding="UTF-8"?>
<testsuite name="StatementPrinterTests" tests="2" skipped="0" failures="0" errors="0" timestamp="2022-11-05T09:26:00" hostname="vm-etu-sabouquier.local.isima.fr" time="0.362">
  <properties/>
  <testcase name="exampleStatement()" classname="StatementPrinterTests" time="0.329"/>
  <testcase name="statementWithNewPlayTypes()" classname="StatementPrinterTests" time="0.03"/>
  <system-out><![CDATA[]]></system-out>
  <system-err><![CDATA[]]></system-err>
</testsuite>
