<?xml version="1.0" encoding="UTF-8"?>
<testsuite name="StatementPrinterTests" tests="2" skipped="0" failures="0" errors="0" timestamp="2022-11-05T10:01:25" hostname="vm-etu-sabouquier.local.isima.fr" time="0.369">
  <properties/>
  <testcase name="exampleStatement()" classname="StatementPrinterTests" time="0.343"/>
  <testcase name="statementWithNewPlayTypes()" classname="StatementPrinterTests" time="0.024"/>
  <system-out><![CDATA[]]></system-out>
  <system-err><![CDATA[]]></system-err>
</testsuite>
